
[2022-04-09T20:42:15.097] [INFO] access - path: /test | method: GET | query: {"user":"李四"} | body: {}
[2022-04-09T20:42:15.143] [INFO] access - path: /favicon.ico | method: GET | query: {} | body: {}
[2022-04-09T20:49:42.427] [INFO] access - path: /test | method: GET | query: {"user":"李四"} | body: {}
[2022-04-09T20:49:42.470] [INFO] access - path: /favicon.ico | method: GET | query: {} | body: {}
[2022-04-09T20:49:47.914] [INFO] access - path: /login | method: GET | query: {} | body: {}
[2022-04-09T20:49:47.962] [INFO] access - path: /favicon.ico | method: GET | query: {} | body: {}
[2022-04-09T21:09:25.447] [INFO] access - path: /login | method: POST | query: {"username":"admin","password":"123"} | body: {}
[2022-04-09T21:09:39.041] [INFO] access - path: /login | method: POST | query: {"username":"admin1","password":"123456"} | body: {}
[2022-04-09T21:09:43.318] [INFO] access - path: /login | method: POST | query: {"username":"admin1","password":"123456"} | body: {}
[2022-04-09T21:10:01.701] [INFO] access - path: /login | method: POST | query: {"username":"admin1","password":"123456"} | body: {}
[2022-04-09T21:11:14.665] [INFO] access - path: /login | method: POST | query: {"username":"admin1","password":"123456"} | body: {}
[2022-04-09T21:11:20.256] [INFO] access - path: /login | method: POST | query: {"username":"admin1","password":"123456"} | body: {}
[2022-04-09T21:12:16.200] [INFO] access - path: /login | method: POST | query: {"username":"admin1","password":"123456"} | body: {}
[2022-04-09T21:13:15.349] [INFO] access - path: /login | method: POST | query: {"username":"admin1","password":"123456"} | body: {}
[2022-04-09T21:15:45.092] [INFO] access - path: /login | method: POST | query: {"username":"admin1","password":"123456"} | body: {}
[2022-04-09T21:16:59.097] [INFO] access - path: /login | method: POST | query: {"username":"admin1","password":"123456"} | body: {}
[2022-04-09T21:18:37.649] [INFO] access - path: /login | method: POST | query: {"username":"admin1","password":"123456"} | body: {}
[2022-04-09T21:23:48.332] [INFO] access - path: /login | method: POST | query: {"username":"admin1","password":"123456"} | body: {}
[2022-04-09T21:24:24.358] [INFO] access - path: /login | method: POST | query: {"username":"admin1","password":"123456"} | body: {}
[2022-04-09T21:25:02.154] [INFO] access - path: /login | method: POST | query: {"username":"admin1","password":"123456"} | body: {}
[2022-04-09T21:25:24.389] [INFO] access - path: /login | method: POST | query: {"username":"admin1","password":"123456"} | body: {}
[2022-04-09T21:27:50.981] [INFO] access - path: /login | method: POST | query: {"username":"admin1","password":"123456"} | body: {}
[2022-04-09T21:30:55.044] [INFO] access - path: /login | method: POST | query: {"username":"admin1","password":"123456"} | body: {}
[2022-04-09T21:31:48.476] [INFO] access - path: /login | method: POST | query: {"username":"admin1","password":"123456"} | body: {}
[2022-04-09T21:32:50.479] [INFO] access - path: /login | method: POST | query: {"username":"admin1","password":"123456"} | body: {}
[2022-04-09T21:33:17.203] [INFO] access - path: /login | method: POST | query: {"username":"","password":""} | body: {}
[2022-04-09T21:33:24.782] [INFO] access - path: /login | method: POST | query: {"username":"admin1","password":"111111"} | body: {}
[2022-04-09T21:33:28.919] [INFO] access - path: /login | method: POST | query: {"username":"admin1","password":"123456"} | body: {}
[2022-04-09T21:33:44.500] [INFO] access - path: /login | method: POST | query: {"username":"admin1","password":"123456"} | body: {}
[2022-04-09T21:34:15.706] [INFO] access - path: /login | method: POST | query: {"username":"admin1","password":"123456"} | body: {}
[2022-04-09T21:34:28.913] [INFO] access - path: /login | method: POST | query: {"username":"admin1","password":"123456"} | body: {}
[2022-04-09T21:43:40.726] [INFO] access - path: /login | method: POST | query: {"username":"admin1","password":"123456"} | body: {}
[2022-04-09T21:46:23.551] [INFO] access - path: /favicon.ico | method: GET | query: {} | body: {}
[2022-04-09T21:47:13.020] [INFO] access - path: /login | method: POST | query: {"username":"admin1","password":"123456"} | body: {}
[2022-04-09T21:49:55.915] [INFO] access - path: /login | method: POST | query: {"username":"admin1","password":"123456"} | body: {}
[2022-04-09T21:54:34.006] [INFO] access - path: /login | method: POST | query: {"username":"admin1","password":"123456"} | body: {}
[2022-04-09T21:54:36.545] [INFO] access - path: /login | method: POST | query: {"username":"admin1","password":"123456"} | body: {}
[2022-04-09T21:54:36.657] [INFO] access - path: /login | method: POST | query: {"username":"admin1","password":"123456"} | body: {}
[2022-04-09T21:54:37.697] [INFO] access - path: /login | method: POST | query: {"username":"admin1","password":"123456"} | body: {}
[2022-04-09T21:54:42.542] [INFO] access - path: /login | method: POST | query: {"username":"admin1","password":"123456"} | body: {}
[2022-04-09T21:54:55.154] [INFO] access - path: /login | method: POST | query: {"username":"admin1","password":"123456"} | body: {}
[2022-04-09T21:56:47.062] [INFO] access - path: /login | method: POST | query: {"username":"admin1","password":"123456"} | body: {}
[2022-04-09T22:05:19.731] [INFO] access - path: /user/queryAll | method: GET | query: {} | body: {}
[2022-04-09T22:08:27.567] [INFO] access - path: /user/queryAll | method: POST | query: {} | body: {}
[2022-04-09T22:12:15.034] [INFO] access - path: /user/queryAll | method: POST | query: {} | body: {}
[2022-04-09T22:13:16.371] [INFO] access - path: /user/queryAll | method: POST | query: {} | body: {}
[2022-04-09T22:17:40.026] [INFO] access - path: /user/queryAll | method: POST | query: {} | body: {}
[2022-04-09T23:10:22.943] [INFO] access - path: /login | method: POST | query: {"username":"admin1","password":"123456"} | body: {}
[2022-04-09T23:10:28.558] [INFO] access - path: /user/queryAll | method: POST | query: {} | body: {}
[2022-04-09T23:21:16.591] [INFO] access - path: /login | method: POST | query: {"username":"admin1","password":"123456"} | body: {}
[2022-04-09T23:27:23.305] [INFO] access - path: /user/queryAll | method: POST | query: {} | body: {}
[2022-04-09T23:27:43.666] [INFO] access - path: /user/queryAll | method: POST | query: {} | body: {}
[2022-04-09T23:27:45.513] [INFO] access - path: /user/queryAll | method: POST | query: {} | body: {}
[2022-04-09T23:27:56.549] [INFO] access - path: /user/queryAll | method: POST | query: {} | body: {}
[2022-04-09T23:27:58.004] [INFO] access - path: /user/queryAll | method: POST | query: {} | body: {}
[2022-04-09T23:28:01.261] [INFO] access - path: /user/queryAll | method: POST | query: {} | body: {}
[2022-04-09T23:28:10.276] [INFO] access - path: /user/queryAll | method: POST | query: {} | body: {}
[2022-04-09T23:28:12.249] [INFO] access - path: /user/queryAll | method: POST | query: {} | body: {}
[2022-04-09T23:28:22.645] [INFO] access - path: /user/queryAll | method: POST | query: {} | body: {}
[2022-04-09T23:36:53.215] [INFO] access - path: /user/queryAll | method: POST | query: {} | body: {}
[2022-04-09T23:36:56.384] [INFO] access - path: /user/queryAll | method: POST | query: {} | body: {}
[2022-04-09T23:37:01.920] [INFO] access - path: /user/queryAll | method: POST | query: {} | body: {}
[2022-04-09T23:37:04.266] [INFO] access - path: /user/queryAll | method: POST | query: {} | body: {}
[2022-04-09T23:37:11.927] [INFO] access - path: /user/queryAll | method: POST | query: {} | body: {}
[2022-04-09T23:37:12.189] [INFO] access - path: /user/queryAll | method: POST | query: {} | body: {}
[2022-04-09T23:37:14.947] [INFO] access - path: /user/queryAll | method: POST | query: {} | body: {}
[2022-04-09T23:37:20.028] [INFO] access - path: /user/queryAll | method: POST | query: {} | body: {}
[2022-04-09T23:37:24.347] [INFO] access - path: /user/queryAll | method: POST | query: {} | body: {}
[2022-04-09T23:37:24.957] [INFO] access - path: /user/queryAll | method: POST | query: {} | body: {}
[2022-04-09T23:37:51.931] [INFO] access - path: /user/queryAll | method: POST | query: {} | body: {}
[2022-04-09T23:37:58.358] [INFO] access - path: /user/queryAll | method: POST | query: {} | body: {}
[2022-04-09T23:38:03.167] [INFO] access - path: /user/queryAll | method: POST | query: {} | body: {}
[2022-04-09T23:38:05.411] [INFO] access - path: /user/queryAll | method: POST | query: {} | body: {}
[2022-04-09T23:38:06.212] [INFO] access - path: /user/queryAll | method: POST | query: {} | body: {}
[2022-04-09T23:38:15.016] [INFO] access - path: /user/queryAll | method: POST | query: {} | body: {}
[2022-04-09T23:38:15.130] [INFO] access - path: /user/queryAll | method: POST | query: {} | body: {}
[2022-04-09T23:38:32.881] [INFO] access - path: /user/queryAll | method: POST | query: {} | body: {}
[2022-04-09T23:38:36.228] [INFO] access - path: /user/queryAll | method: POST | query: {} | body: {}
[2022-04-09T23:38:45.226] [INFO] access - path: /user/queryAll | method: POST | query: {} | body: {}
[2022-04-09T23:38:46.220] [INFO] access - path: /user/queryAll | method: POST | query: {} | body: {}
[2022-04-09T23:38:51.148] [INFO] access - path: /user/queryAll | method: POST | query: {} | body: {}
[2022-04-09T23:38:55.276] [INFO] access - path: /user/queryAll | method: POST | query: {} | body: {}
[2022-04-09T23:38:59.650] [INFO] access - path: /user/queryAll | method: POST | query: {} | body: {}
[2022-04-09T23:39:01.996] [INFO] access - path: /user/queryAll | method: POST | query: {} | body: {}
[2022-04-09T23:39:04.151] [INFO] access - path: /user/queryAll | method: POST | query: {} | body: {}
[2022-04-09T23:39:11.419] [INFO] access - path: /user/queryPage | method: POST | query: {} | body: {}
[2022-04-09T23:40:03.715] [INFO] access - path: /user/queryPage | method: POST | query: {} | body: {}
[2022-04-09T23:52:41.935] [INFO] access - path: /user/queryPage | method: POST | query: {} | body: {}
[2022-04-09T23:52:53.605] [INFO] access - path: /user/queryAll | method: POST | query: {} | body: {}
[2022-04-09T23:52:54.471] [INFO] access - path: /user/queryAll | method: POST | query: {} | body: {}
[2022-04-09T23:53:02.750] [INFO] access - path: /user/queryAll | method: POST | query: {} | body: {}
[2022-04-09T23:53:07.486] [INFO] access - path: /user/queryAll | method: POST | query: {} | body: {}
[2022-04-09T23:54:07.401] [INFO] access - path: /user/queryAll | method: POST | query: {} | body: {}
[2022-04-09T23:54:21.374] [INFO] access - path: /user/queryAll | method: POST | query: {} | body: {}
[2022-04-09T23:54:27.536] [INFO] access - path: /user/queryAll | method: POST | query: {} | body: {}
[2022-04-09T23:57:00.288] [INFO] access - path: /user/queryPage | method: POST | query: {} | body: {}
[2022-04-10T00:04:18.326] [INFO] access - path: /user/queryPage | method: POST | query: {} | body: {}
[2022-04-10T00:04:37.515] [INFO] access - path: /user/queryAll | method: POST | query: {} | body: {}
[2022-04-10T00:04:42.207] [INFO] access - path: /user/queryPage | method: POST | query: {} | body: {}
[2022-04-10T00:08:00.561] [INFO] access - path: /user/queryPage | method: POST | query: {} | body: {}
